<?xml version="1.0" encoding="UTF-8"?>
<!-- Generated by org.testng.reporters.JUnitXMLReporter -->
<testsuite ignored="0" hostname="LTIN487229" failures="1" tests="7" name="Chrome2 Test" time="135.979" errors="0" timestamp="2024-03-31T22:32:13 IST">
  <testcase classname="testCase.TC_01_UserDetailValidation" name="userVerification" time="7.073"/>
  <testcase classname="testCase.TC_02_DropDownValidation" name="dropDownValidation" time="48.029">
    <failure type="java.lang.AssertionError" message="expected [Global IT] but found [Security and Technology]">
      <![CDATA[java.lang.AssertionError: expected [Global IT] but found [Security and Technology]
at testCase.TC_02_DropDownValidation.dropDownValidation(TC_02_DropDownValidation.java:12)
at java.base/java.util.ArrayList.forEach(ArrayList.java:1511)
at java.base/java.util.concurrent.FutureTask.run(FutureTask.java:264)
at java.base/java.util.concurrent.ThreadPoolExecutor.runWorker(ThreadPoolExecutor.java:1136)
at java.base/java.util.concurrent.ThreadPoolExecutor$Worker.run(ThreadPoolExecutor.java:635)
at java.base/java.lang.Thread.run(Thread.java:840)
... Removed 23 stack frames]]>
    </failure>
  </testcase> <!-- dropDownValidation -->
  <testcase classname="testCase.TC_03_AppPresenceValidation" name="appVerification" time="0.861"/>
  <testcase classname="testCase.TC_04_PresenceOfNewsLable" name="presenceOfNewsLable" time="2.65"/>
  <testcase classname="testCase.TC_05_PresenceOfAwardsLable" name="presenceOfAwardsLable" time="3.224"/>
  <testcase classname="testCase.TC_06_NewsToolTipVerification" name="verificationOfNewsTooltip" time="2.262"/>
  <testcase classname="testCase.TC_07_AwardsContentVerification" name="awardContent" time="26.386"/>
</testsuite> <!-- Chrome2 Test -->
