<?xml version="1.0" encoding="UTF-8"?>
<!-- Generated by org.testng.reporters.JUnitXMLReporter -->
<testsuite ignored="0" hostname="LTIN488249" failures="1" tests="7" name="Chrome Test" time="86.399" errors="0" timestamp="2024-06-05T21:40:41 IST">
  <testcase classname="testCase.TC_01_UserDetailValidation" name="userVerification" time="13.293"/>
  <testcase classname="testCase.TC_02_DropDownValidation" name="dropDownValidation" time="6.675"/>
  <testcase classname="testCase.TC_03_AppPresenceValidation" name="appVerification" time="0.612"/>
  <testcase classname="testCase.TC_04_PresenceOfNewsLable" name="presenceOfNewsLable" time="2.275"/>
  <testcase classname="testCase.TC_05_PresenceOfAwardsLable" name="presenceOfAwardsLable" time="2.223"/>
  <testcase classname="testCase.TC_06_NewsToolTipVerification" name="verificationOfNewsTooltip" time="1.766"/>
  <testcase classname="testCase.TC_07_AwardsContentVerification" name="awardContentVerification" time="41.238">
    <failure type="org.openqa.selenium.ElementClickInterceptedException" message="element click intercepted: Element &amp;lt;a class=&amp;quot;ar_a_91bed31b&amp;quot; href=&amp;quot;https://cognizantonline.sharepoint.com/sites/CorporateFunctions/SitePages/IT-Team-Wins-Two-Awards-at-the-DevOps-India-Summit-2023.aspx&amp;quot; role=&amp;quot;presentation&amp;quot; target=&amp;quot;_blank&amp;quot; data-interception=&amp;quot;propagate&amp;quot; aria-hidden=&amp;quot;true&amp;quot; data-is-focusable=&amp;quot;false&amp;quot; tabindex=&amp;quot;-1&amp;quot;&amp;gt;...&amp;lt;/a&amp;gt; is not clickable at point (177, 504). Other element would receive the click: &amp;lt;div class=&amp;quot;ms-Stack custom-footer-content justify-center justify-left-tablets-or-above css-243&amp;quot;&amp;gt;...&amp;lt;/div&amp;gt;
  (Session info: chrome=123.0.6312.59)
Build info: version: &amp;apos;4.19.1&amp;apos;, revision: &amp;apos;abe0ee07dc&amp;apos;
System info: os.name: &amp;apos;Windows 11&amp;apos;, os.arch: &amp;apos;amd64&amp;apos;, os.version: &amp;apos;10.0&amp;apos;, java.version: &amp;apos;17.0.9&amp;apos;
Driver info: org.openqa.selenium.chrome.ChromeDriver
Command: [025cb3b729892756a874169c997bd8f2, clickElement {id=f.08C43BAEFE8B99540C1833FAC98D4489.d.72DC8BA983D43112BCBED7D63F24FE1C.e.365}]
Capabilities {acceptInsecureCerts: false, browserName: chrome, browserVersion: 123.0.6312.59, chrome: {chromedriverVersion: 123.0.6312.122 (31f8248cdd9..., userDataDir: C:\WINDOWS\SystemTemp\scope...}, fedcm:accounts: true, goog:chromeOptions: {debuggerAddress: localhost:60459}, networkConnectionEnabled: false, pageLoadStrategy: normal, platformName: windows, proxy: Proxy(), se:cdp: ws://localhost:60459/devtoo..., se:cdpVersion: 123.0.6312.59, setWindowRect: true, strictFileInteractability: false, timeouts: {implicit: 0, pageLoad: 300000, script: 30000}, unhandledPromptBehavior: dismiss and notify, webauthn:extension:credBlob: true, webauthn:extension:largeBlob: true, webauthn:extension:minPinLength: true, webauthn:extension:prf: true, webauthn:virtualAuthenticators: true}
Element: [[ChromeDriver: chrome on windows (025cb3b729892756a874169c997bd8f2)] -&amp;gt; xpath: //div[contains(@class,&amp;apos;itemArea&amp;apos;)][3]//a[@role=&amp;apos;presentation&amp;apos;]]
Session ID: 025cb3b729892756a874169c997bd8f2">
      <![CDATA[org.openqa.selenium.ElementClickInterceptedException: element click intercepted: Element <a class="ar_a_91bed31b" href="https://cognizantonline.sharepoint.com/sites/CorporateFunctions/SitePages/IT-Team-Wins-Two-Awards-at-the-DevOps-India-Summit-2023.aspx" role="presentation" target="_blank" data-interception="propagate" aria-hidden="true" data-is-focusable="false" tabindex="-1">...</a> is not clickable at point (177, 504). Other element would receive the click: <div class="ms-Stack custom-footer-content justify-center justify-left-tablets-or-above css-243">...</div>
  (Session info: chrome=123.0.6312.59)
Build info: version: '4.19.1', revision: 'abe0ee07dc'
System info: os.name: 'Windows 11', os.arch: 'amd64', os.version: '10.0', java.version: '17.0.9'
Driver info: org.openqa.selenium.chrome.ChromeDriver
Command: [025cb3b729892756a874169c997bd8f2, clickElement {id=f.08C43BAEFE8B99540C1833FAC98D4489.d.72DC8BA983D43112BCBED7D63F24FE1C.e.365}]
Capabilities {acceptInsecureCerts: false, browserName: chrome, browserVersion: 123.0.6312.59, chrome: {chromedriverVersion: 123.0.6312.122 (31f8248cdd9..., userDataDir: C:\WINDOWS\SystemTemp\scope...}, fedcm:accounts: true, goog:chromeOptions: {debuggerAddress: localhost:60459}, networkConnectionEnabled: false, pageLoadStrategy: normal, platformName: windows, proxy: Proxy(), se:cdp: ws://localhost:60459/devtoo..., se:cdpVersion: 123.0.6312.59, setWindowRect: true, strictFileInteractability: false, timeouts: {implicit: 0, pageLoad: 300000, script: 30000}, unhandledPromptBehavior: dismiss and notify, webauthn:extension:credBlob: true, webauthn:extension:largeBlob: true, webauthn:extension:minPinLength: true, webauthn:extension:prf: true, webauthn:virtualAuthenticators: true}
Element: [[ChromeDriver: chrome on windows (025cb3b729892756a874169c997bd8f2)] -> xpath: //div[contains(@class,'itemArea')][3]//a[@role='presentation']]
Session ID: 025cb3b729892756a874169c997bd8f2
at org.openqa.selenium.remote.ErrorCodec.decode(ErrorCodec.java:167)
at org.openqa.selenium.remote.codec.w3c.W3CHttpResponseCodec.decode(W3CHttpResponseCodec.java:138)
at org.openqa.selenium.remote.codec.w3c.W3CHttpResponseCodec.decode(W3CHttpResponseCodec.java:50)
at org.openqa.selenium.remote.HttpCommandExecutor.execute(HttpCommandExecutor.java:190)
at org.openqa.selenium.remote.service.DriverCommandExecutor.invokeExecute(DriverCommandExecutor.java:216)
at org.openqa.selenium.remote.service.DriverCommandExecutor.execute(DriverCommandExecutor.java:174)
at org.openqa.selenium.remote.RemoteWebDriver.execute(RemoteWebDriver.java:518)
at org.openqa.selenium.remote.RemoteWebElement.execute(RemoteWebElement.java:223)
at org.openqa.selenium.remote.RemoteWebElement.click(RemoteWebElement.java:76)
at testCase.TC_07_AwardsContentVerification.awardContentVerification(TC_07_AwardsContentVerification.java:25)
at java.base/java.util.ArrayList.forEach(ArrayList.java:1511)
... Removed 32 stack frames]]>
    </failure>
  </testcase> <!-- awardContentVerification -->
</testsuite> <!-- Chrome Test -->
