<?xml version="1.0" encoding="UTF-8"?>
<!-- Generated by org.testng.reporters.JUnitXMLReporter -->
<testsuite ignored="0" hostname="LTIN487229" failures="1" tests="7" name="ChromeTest" time="63.921" errors="0" timestamp="2024-03-31T19:57:23 IST">
  <testcase classname="testCase.AllInOne" name="userVerification" time="13.498"/>
  <testcase classname="testCase.AllInOne" name="dropDownValidation" time="6.325"/>
  <testcase classname="testCase.AllInOne" name="appVerification" time="0.208"/>
  <testcase classname="testCase.AllInOne" name="presenceOfNewsLable" time="2.053"/>
  <testcase classname="testCase.AllInOne" name="presenceOfAwardsLable" time="2.054"/>
  <testcase classname="testCase.AllInOne" name="verificationOfNewsTooltip" time="0.465"/>
  <testcase classname="testCase.AllInOne" name="awardContent" time="19.68">
    <failure type="org.openqa.selenium.NoSuchElementException" message="Unable to find element with locator By.xpath: //div[contains(@class,&amp;apos;itemArea&amp;apos;)][3]//a[@role=&amp;apos;presentation&amp;apos;]
For documentation on this error, please visit: https://www.selenium.dev/documentation/webdriver/troubleshooting/errors#no-such-element-exception
Build info: version: &amp;apos;4.18.1&amp;apos;, revision: &amp;apos;b1d3319b48&amp;apos;
System info: os.name: &amp;apos;Windows 11&amp;apos;, os.arch: &amp;apos;amd64&amp;apos;, os.version: &amp;apos;10.0&amp;apos;, java.version: &amp;apos;17.0.9&amp;apos;
Driver info: driver.version: RemoteWebDriver">
      <![CDATA[org.openqa.selenium.NoSuchElementException: Unable to find element with locator By.xpath: //div[contains(@class,'itemArea')][3]//a[@role='presentation']
For documentation on this error, please visit: https://www.selenium.dev/documentation/webdriver/troubleshooting/errors#no-such-element-exception
Build info: version: '4.18.1', revision: 'b1d3319b48'
System info: os.name: 'Windows 11', os.arch: 'amd64', os.version: '10.0', java.version: '17.0.9'
Driver info: driver.version: RemoteWebDriver
at org.openqa.selenium.remote.ElementLocation$ElementFinder$2.findElement(ElementLocation.java:168)
at org.openqa.selenium.remote.ElementLocation.findElement(ElementLocation.java:59)
at org.openqa.selenium.remote.RemoteWebDriver.findElement(RemoteWebDriver.java:356)
at org.openqa.selenium.remote.RemoteWebDriver.findElement(RemoteWebDriver.java:350)
at pageObject.AwardsPage.printAndReturnContentsCount(AwardsPage.java:29)
at testCase.AllInOne.awardContent(AllInOne.java:60)
at java.base/java.util.ArrayList.forEach(ArrayList.java:1511)
at java.base/java.util.concurrent.FutureTask.run(FutureTask.java:264)
at java.base/java.util.concurrent.ThreadPoolExecutor.runWorker(ThreadPoolExecutor.java:1136)
at java.base/java.util.concurrent.ThreadPoolExecutor$Worker.run(ThreadPoolExecutor.java:635)
at java.base/java.lang.Thread.run(Thread.java:840)
... Removed 17 stack frames]]>
    </failure>
  </testcase> <!-- awardContent -->
</testsuite> <!-- ChromeTest -->
