<?xml version="1.0" encoding="UTF-8"?>
<!-- Generated by org.testng.reporters.JUnitReportReporter -->
<testsuite hostname="LTIN488249" failures="0" tests="14" name="testCase.TC_07_AwardsContentVerification" time="213.924" errors="1" timestamp="2024-06-05T21:38:06 IST" skipped="0">
  <testcase classname="testCase.TC_07_AwardsContentVerification" name="userVerification" time="13.890"/>
  <testcase classname="testCase.TC_07_AwardsContentVerification" name="userVerification" time="70.058"/>
  <testcase classname="testCase.TC_07_AwardsContentVerification" name="dropDownValidation" time="7.642"/>
  <testcase classname="testCase.TC_07_AwardsContentVerification" name="dropDownValidation" time="7.837"/>
  <testcase classname="testCase.TC_07_AwardsContentVerification" name="appVerification" time="0.526"/>
  <testcase classname="testCase.TC_07_AwardsContentVerification" name="appVerification" time="1.724"/>
  <testcase classname="testCase.TC_07_AwardsContentVerification" name="presenceOfNewsLable" time="2.417"/>
  <testcase classname="testCase.TC_07_AwardsContentVerification" name="presenceOfNewsLable" time="2.303"/>
  <testcase classname="testCase.TC_07_AwardsContentVerification" name="presenceOfAwardsLable" time="2.426"/>
  <testcase classname="testCase.TC_07_AwardsContentVerification" name="presenceOfAwardsLable" time="2.304"/>
  <testcase classname="testCase.TC_07_AwardsContentVerification" name="verificationOfNewsTooltip" time="0.406"/>
  <testcase classname="testCase.TC_07_AwardsContentVerification" name="verificationOfNewsTooltip" time="3.240"/>
  <testcase classname="testCase.TC_07_AwardsContentVerification" name="awardContentVerification" time="42.324">
    <error message="element click intercepted: Element &lt;a class=&quot;ar_a_91bed31b&quot; href=&quot;https://cognizantonline.sharepoint.com/sites/CorporateFunctions/SitePages/IT-Team-Wins-Two-Awards-at-the-DevOps-India-Summit-2023.aspx&quot; role=&quot;presentation&quot; target=&quot;_blank&quot; data-interception=&quot;propagate&quot; aria-hidden=&quot;true&quot; data-is-focusable=&quot;false&quot; tabindex=&quot;-1&quot;&gt;...&lt;/a&gt; is not clickable at point (177, 504). Other element would receive the click: &lt;div class=&quot;ms-Stack custom-footer-content justify-center justify-left-tablets-or-above css-243&quot;&gt;...&lt;/div&gt;
  (Session info: chrome=123.0.6312.59)
Build info: version: &#039;4.19.1&#039;, revision: &#039;abe0ee07dc&#039;
System info: os.name: &#039;Windows 11&#039;, os.arch: &#039;amd64&#039;, os.version: &#039;10.0&#039;, java.version: &#039;17.0.9&#039;
Driver info: org.openqa.selenium.chrome.ChromeDriver
Command: [4f032f69a1a305658383614fe03327c1, clickElement {id=f.AA337CF3573CB0F0B25DEF1AFB5C85D0.d.C886EC9675D5D29CDB1D9613FEF982B1.e.367}]
Capabilities {acceptInsecureCerts: false, browserName: chrome, browserVersion: 123.0.6312.59, chrome: {chromedriverVersion: 123.0.6312.122 (31f8248cdd9..., userDataDir: C:\WINDOWS\SystemTemp\scope...}, fedcm:accounts: true, goog:chromeOptions: {debuggerAddress: localhost:60131}, networkConnectionEnabled: false, pageLoadStrategy: normal, platformName: windows, proxy: Proxy(), se:cdp: ws://localhost:60131/devtoo..., se:cdpVersion: 123.0.6312.59, setWindowRect: true, strictFileInteractability: false, timeouts: {implicit: 0, pageLoad: 300000, script: 30000}, unhandledPromptBehavior: dismiss and notify, webauthn:extension:credBlob: true, webauthn:extension:largeBlob: true, webauthn:extension:minPinLength: true, webauthn:extension:prf: true, webauthn:virtualAuthenticators: true}
Element: [[ChromeDriver: chrome on windows (4f032f69a1a305658383614fe03327c1)] -&gt; xpath: //div[contains(@class,&#039;itemArea&#039;)][3]//a[@role=&#039;presentation&#039;]]
Session ID: 4f032f69a1a305658383614fe03327c1" type="org.openqa.selenium.ElementClickInterceptedException">
      <![CDATA[org.openqa.selenium.ElementClickInterceptedException: element click intercepted: Element <a class="ar_a_91bed31b" href="https://cognizantonline.sharepoint.com/sites/CorporateFunctions/SitePages/IT-Team-Wins-Two-Awards-at-the-DevOps-India-Summit-2023.aspx" role="presentation" target="_blank" data-interception="propagate" aria-hidden="true" data-is-focusable="false" tabindex="-1">...</a> is not clickable at point (177, 504). Other element would receive the click: <div class="ms-Stack custom-footer-content justify-center justify-left-tablets-or-above css-243">...</div>
  (Session info: chrome=123.0.6312.59)
Build info: version: '4.19.1', revision: 'abe0ee07dc'
System info: os.name: 'Windows 11', os.arch: 'amd64', os.version: '10.0', java.version: '17.0.9'
Driver info: org.openqa.selenium.chrome.ChromeDriver
Command: [4f032f69a1a305658383614fe03327c1, clickElement {id=f.AA337CF3573CB0F0B25DEF1AFB5C85D0.d.C886EC9675D5D29CDB1D9613FEF982B1.e.367}]
Capabilities {acceptInsecureCerts: false, browserName: chrome, browserVersion: 123.0.6312.59, chrome: {chromedriverVersion: 123.0.6312.122 (31f8248cdd9..., userDataDir: C:\WINDOWS\SystemTemp\scope...}, fedcm:accounts: true, goog:chromeOptions: {debuggerAddress: localhost:60131}, networkConnectionEnabled: false, pageLoadStrategy: normal, platformName: windows, proxy: Proxy(), se:cdp: ws://localhost:60131/devtoo..., se:cdpVersion: 123.0.6312.59, setWindowRect: true, strictFileInteractability: false, timeouts: {implicit: 0, pageLoad: 300000, script: 30000}, unhandledPromptBehavior: dismiss and notify, webauthn:extension:credBlob: true, webauthn:extension:largeBlob: true, webauthn:extension:minPinLength: true, webauthn:extension:prf: true, webauthn:virtualAuthenticators: true}
Element: [[ChromeDriver: chrome on windows (4f032f69a1a305658383614fe03327c1)] -> xpath: //div[contains(@class,'itemArea')][3]//a[@role='presentation']]
Session ID: 4f032f69a1a305658383614fe03327c1
at java.base/jdk.internal.reflect.NativeConstructorAccessorImpl.newInstance0(Native Method)
at java.base/jdk.internal.reflect.NativeConstructorAccessorImpl.newInstance(NativeConstructorAccessorImpl.java:77)
at java.base/jdk.internal.reflect.DelegatingConstructorAccessorImpl.newInstance(DelegatingConstructorAccessorImpl.java:45)
at java.base/java.lang.reflect.Constructor.newInstanceWithCaller(Constructor.java:499)
at java.base/java.lang.reflect.Constructor.newInstance(Constructor.java:480)
at org.openqa.selenium.remote.ErrorCodec.decode(ErrorCodec.java:167)
at org.openqa.selenium.remote.codec.w3c.W3CHttpResponseCodec.decode(W3CHttpResponseCodec.java:138)
at org.openqa.selenium.remote.codec.w3c.W3CHttpResponseCodec.decode(W3CHttpResponseCodec.java:50)
at org.openqa.selenium.remote.HttpCommandExecutor.execute(HttpCommandExecutor.java:190)
at org.openqa.selenium.remote.service.DriverCommandExecutor.invokeExecute(DriverCommandExecutor.java:216)
at org.openqa.selenium.remote.service.DriverCommandExecutor.execute(DriverCommandExecutor.java:174)
at org.openqa.selenium.remote.RemoteWebDriver.execute(RemoteWebDriver.java:518)
at org.openqa.selenium.remote.RemoteWebElement.execute(RemoteWebElement.java:223)
at org.openqa.selenium.remote.RemoteWebElement.click(RemoteWebElement.java:76)
at testCase.TC_07_AwardsContentVerification.awardContentVerification(TC_07_AwardsContentVerification.java:25)
at java.base/jdk.internal.reflect.NativeMethodAccessorImpl.invoke0(Native Method)
at java.base/jdk.internal.reflect.NativeMethodAccessorImpl.invoke(NativeMethodAccessorImpl.java:77)
at java.base/jdk.internal.reflect.DelegatingMethodAccessorImpl.invoke(DelegatingMethodAccessorImpl.java:43)
at java.base/java.lang.reflect.Method.invoke(Method.java:568)
at org.testng.internal.invokers.MethodInvocationHelper.invokeMethod(MethodInvocationHelper.java:139)
at org.testng.internal.invokers.TestInvoker.invokeMethod(TestInvoker.java:664)
at org.testng.internal.invokers.TestInvoker.invokeTestMethod(TestInvoker.java:228)
at org.testng.internal.invokers.MethodRunner.runInSequence(MethodRunner.java:63)
at org.testng.internal.invokers.TestInvoker$MethodInvocationAgent.invoke(TestInvoker.java:961)
at org.testng.internal.invokers.TestInvoker.invokeTestMethods(TestInvoker.java:201)
at org.testng.internal.invokers.TestMethodWorker.invokeTestMethods(TestMethodWorker.java:148)
at org.testng.internal.invokers.TestMethodWorker.run(TestMethodWorker.java:128)
at java.base/java.util.ArrayList.forEach(ArrayList.java:1511)
at org.testng.TestRunner.privateRun(TestRunner.java:819)
at org.testng.TestRunner.run(TestRunner.java:619)
at org.testng.SuiteRunner.runTest(SuiteRunner.java:443)
at org.testng.SuiteRunner$SuiteWorker.run(SuiteRunner.java:481)
at org.testng.internal.thread.ThreadUtil.lambda$execute$0(ThreadUtil.java:58)
at java.base/java.util.concurrent.FutureTask.run(FutureTask.java:264)
at java.base/java.util.concurrent.ThreadPoolExecutor.runWorker(ThreadPoolExecutor.java:1136)
at java.base/java.util.concurrent.ThreadPoolExecutor$Worker.run(ThreadPoolExecutor.java:635)
at java.base/java.lang.Thread.run(Thread.java:840)
]]>
    </error>
  </testcase> <!-- awardContentVerification -->
  <testcase classname="testCase.TC_07_AwardsContentVerification" name="awardContentVerification" time="56.827"/>
</testsuite> <!-- testCase.TC_07_AwardsContentVerification -->
